e:\2~~vs2022的文件\linear calculator\linear c.7a091bed\x64\debug\vc143.pdb
e:\2~~vs2022的文件\linear calculator\linear c.7a091bed\x64\debug\vc143.idb
e:\2~~vs2022的文件\linear calculator\linear c.7a091bed\x64\debug\matrix.obj
e:\2~~vs2022的文件\linear calculator\linear c.7a091bed\x64\debug\main.obj
e:\2~~vs2022的文件\linear calculator\linear c.7a091bed\x64\debug\linearsystem.obj
e:\2~~vs2022的文件\linear calculator\linear c.7a091bed\x64\debug\linearalgebracalculator.obj
e:\2~~vs2022的文件\linear calculator\linear c.7a091bed\x64\debug\generalcalculator.obj
e:\2~~vs2022的文件\linear calculator\linear c.7a091bed\x64\debug\games.obj
e:\2~~vs2022的文件\linear calculator\linear c.7a091bed\x64\debug\det.obj
e:\2~~vs2022的文件\linear calculator\linear c.7a091bed\x64\debug\admin.obj
e:\2~~vs2022的文件\linear calculator\x64\debug\linear calculator.exe
e:\2~~vs2022的文件\linear calculator\x64\debug\linear calculator.pdb
e:\2~~vs2022的文件\linear calculator\linear c.7a091bed\x64\debug\linear calculator.ilk
e:\2~~vs2022的文件\linear calculator\linear c.7a091bed\x64\debug\linear c.7a091bed.tlog\cl.command.1.tlog
e:\2~~vs2022的文件\linear calculator\linear c.7a091bed\x64\debug\linear c.7a091bed.tlog\cl.items.tlog
e:\2~~vs2022的文件\linear calculator\linear c.7a091bed\x64\debug\linear c.7a091bed.tlog\cl.read.1.tlog
e:\2~~vs2022的文件\linear calculator\linear c.7a091bed\x64\debug\linear c.7a091bed.tlog\cl.write.1.tlog
e:\2~~vs2022的文件\linear calculator\linear c.7a091bed\x64\debug\linear c.7a091bed.tlog\link.command.1.tlog
e:\2~~vs2022的文件\linear calculator\linear c.7a091bed\x64\debug\linear c.7a091bed.tlog\link.read.1.tlog
e:\2~~vs2022的文件\linear calculator\linear c.7a091bed\x64\debug\linear c.7a091bed.tlog\link.secondary.1.tlog
e:\2~~vs2022的文件\linear calculator\linear c.7a091bed\x64\debug\linear c.7a091bed.tlog\link.write.1.tlog
