  Admin.cpp
E:\2~~VS2022的文件\Linear Calculator\Admin.cpp(394,19): warning C4101: “err”: 未引用的局部变量
E:\2~~VS2022的文件\Linear Calculator\Admin.cpp(499,19): warning C4101: “err”: 未引用的局部变量
E:\2~~VS2022的文件\Linear Calculator\Admin.cpp(560,19): warning C4101: “err”: 未引用的局部变量
  Det.cpp
E:\2~~VS2022的文件\Linear Calculator\Det.cpp(46,24): warning C4267: “=”: 从“size_t”转换到“int”，可能丢失数据
E:\2~~VS2022的文件\Linear Calculator\Det.cpp(143,44): warning C4554: “&”: 检查运算符优先级是否存在的可能的错误；使用括号阐明优先级
  Games.cpp
E:\2~~VS2022的文件\Linear Calculator\Games.cpp(25,15): warning C4244: “参数”: 从“time_t”转换到“unsigned int”，可能丢失数据
  GeneralCalculator.cpp
  LinearAlgebraCalculator.cpp
E:\2~~VS2022的文件\Linear Calculator\LinearAlgebraCalculator.cpp(350,60): warning C4267: “return”: 从“size_t”转换到“int”，可能丢失数据
E:\2~~VS2022的文件\Linear Calculator\LinearAlgebraCalculator.cpp(352,59): warning C4267: “return”: 从“size_t”转换到“int”，可能丢失数据
E:\2~~VS2022的文件\Linear Calculator\LinearAlgebraCalculator.cpp(354,59): warning C4267: “return”: 从“size_t”转换到“int”，可能丢失数据
E:\2~~VS2022的文件\Linear Calculator\LinearAlgebraCalculator.cpp(356,63): warning C4267: “return”: 从“size_t”转换到“int”，可能丢失数据
E:\2~~VS2022的文件\Linear Calculator\LinearAlgebraCalculator.cpp(2447,36): warning C4244: “参数”: 从“time_t”转换到“unsigned int”，可能丢失数据
E:\2~~VS2022的文件\Linear Calculator\LinearAlgebraCalculator.cpp(2486,6): warning C4101: “Inter”: 未引用的局部变量
E:\2~~VS2022的文件\Linear Calculator\LinearAlgebraCalculator.cpp(2494,6): warning C4101: “Inter”: 未引用的局部变量
E:\2~~VS2022的文件\Linear Calculator\LinearAlgebraCalculator.cpp(4028,16): warning C4267: “初始化”: 从“size_t”转换到“int”，可能丢失数据
E:\2~~VS2022的文件\Linear Calculator\LinearAlgebraCalculator.cpp(4127,13): warning C4267: “初始化”: 从“size_t”转换到“int”，可能丢失数据
E:\2~~VS2022的文件\Linear Calculator\LinearAlgebraCalculator.cpp(4337,31): warning C4267: “+=”: 从“size_t”转换到“int”，可能丢失数据
E:\2~~VS2022的文件\Linear Calculator\LinearAlgebraCalculator.cpp(4416,31): warning C4267: “+=”: 从“size_t”转换到“int”，可能丢失数据
E:\2~~VS2022的文件\Linear Calculator\LinearAlgebraCalculator.cpp(5272,22): warning C4267: “初始化”: 从“size_t”转换到“int”，可能丢失数据
E:\2~~VS2022的文件\Linear Calculator\LinearAlgebraCalculator.cpp(5352,6): warning C4101: “_rank_of_A”: 未引用的局部变量
E:\2~~VS2022的文件\Linear Calculator\LinearAlgebraCalculator.cpp(5474,10): warning C4267: “初始化”: 从“size_t”转换到“int”，可能丢失数据
E:\2~~VS2022的文件\Linear Calculator\LinearAlgebraCalculator.cpp(2175,43): warning C4244: “return”: 从“__int64”转换到“int”，可能丢失数据
      E:\2~~VS2022的文件\Linear Calculator\LinearAlgebraCalculator.cpp(2175,43):
      模板实例化上下文(最早的实例化上下文)为
          E:\2~~VS2022的文件\Linear Calculator\LinearAlgebraCalculator.cpp(2237,10):
          查看对正在编译的函数 模板 实例化“int contentSearch<std::vector<std::shared_ptr<Matrix>,std::allocator<std::shared_ptr<Matrix>>>>(const T &,const ContentVec &)”的引用
          with
          [
              T=std::vector<std::shared_ptr<Matrix>,std::allocator<std::shared_ptr<Matrix>>>
          ]
  
E:\2~~VS2022的文件\Linear Calculator\LinearAlgebraCalculator.cpp(2186,43): warning C4244: “return”: 从“__int64”转换到“int”，可能丢失数据
      E:\2~~VS2022的文件\Linear Calculator\LinearAlgebraCalculator.cpp(2186,43):
      模板实例化上下文(最早的实例化上下文)为
          E:\2~~VS2022的文件\Linear Calculator\LinearAlgebraCalculator.cpp(2254,10):
          查看对正在编译的函数 模板 实例化“int contentSearchBasis<std::vector<std::shared_ptr<Basis>,std::allocator<std::shared_ptr<Basis>>>>(const T &,const ContentVec &,LAC *)”的引用
          with
          [
              T=std::vector<std::shared_ptr<Basis>,std::allocator<std::shared_ptr<Basis>>>
          ]
  
E:\2~~VS2022的文件\Linear Calculator\LinearAlgebraCalculator.cpp(2196,43): warning C4244: “return”: 从“__int64”转换到“int”，可能丢失数据
      E:\2~~VS2022的文件\Linear Calculator\LinearAlgebraCalculator.cpp(2196,43):
      模板实例化上下文(最早的实例化上下文)为
          E:\2~~VS2022的文件\Linear Calculator\LinearAlgebraCalculator.cpp(2270,10):
          查看对正在编译的函数 模板 实例化“int firstValSearch<std::vector<std::shared_ptr<Matrix>,std::allocator<std::shared_ptr<Matrix>>>>(const T &,double)”的引用
          with
          [
              T=std::vector<std::shared_ptr<Matrix>,std::allocator<std::shared_ptr<Matrix>>>
          ]
  
E:\2~~VS2022的文件\Linear Calculator\LinearAlgebraCalculator.cpp(2206,43): warning C4244: “return”: 从“__int64”转换到“int”，可能丢失数据
      E:\2~~VS2022的文件\Linear Calculator\LinearAlgebraCalculator.cpp(2206,43):
      模板实例化上下文(最早的实例化上下文)为
          E:\2~~VS2022的文件\Linear Calculator\LinearAlgebraCalculator.cpp(2285,10):
          查看对正在编译的函数 模板 实例化“int firstValSearchBasis<std::vector<std::shared_ptr<Basis>,std::allocator<std::shared_ptr<Basis>>>>(const T &,double)”的引用
          with
          [
              T=std::vector<std::shared_ptr<Basis>,std::allocator<std::shared_ptr<Basis>>>
          ]
  
E:\2~~VS2022的文件\Linear Calculator\LinearAlgebraCalculator.cpp(2216,43): warning C4244: “return”: 从“__int64”转换到“int”，可能丢失数据
      E:\2~~VS2022的文件\Linear Calculator\LinearAlgebraCalculator.cpp(2216,43):
      模板实例化上下文(最早的实例化上下文)为
          E:\2~~VS2022的文件\Linear Calculator\LinearAlgebraCalculator.cpp(2301,10):
          查看对正在编译的函数 模板 实例化“int rowColumnSearch<std::vector<std::shared_ptr<Matrix>,std::allocator<std::shared_ptr<Matrix>>>>(const T &,int,int)”的引用
          with
          [
              T=std::vector<std::shared_ptr<Matrix>,std::allocator<std::shared_ptr<Matrix>>>
          ]
  
E:\2~~VS2022的文件\Linear Calculator\LinearAlgebraCalculator.cpp(2226,43): warning C4244: “return”: 从“__int64”转换到“int”，可能丢失数据
      E:\2~~VS2022的文件\Linear Calculator\LinearAlgebraCalculator.cpp(2226,43):
      模板实例化上下文(最早的实例化上下文)为
          E:\2~~VS2022的文件\Linear Calculator\LinearAlgebraCalculator.cpp(2316,10):
          查看对正在编译的函数 模板 实例化“int rowColumnSearchBasis<std::vector<std::shared_ptr<Basis>,std::allocator<std::shared_ptr<Basis>>>>(const T &,int,int)”的引用
          with
          [
              T=std::vector<std::shared_ptr<Basis>,std::allocator<std::shared_ptr<Basis>>>
          ]
  
E:\2~~VS2022的文件\Linear Calculator\LinearAlgebraCalculator.cpp(2214,32): warning C4554: “&”: 检查运算符优先级是否存在的可能的错误；使用括号阐明优先级
      E:\2~~VS2022的文件\Linear Calculator\LinearAlgebraCalculator.cpp(2214,32):
      模板实例化上下文(最早的实例化上下文)为
          E:\2~~VS2022的文件\Linear Calculator\LinearAlgebraCalculator.cpp(2301,10):
          查看对正在编译的函数 模板 实例化“int rowColumnSearch<std::vector<std::shared_ptr<Matrix>,std::allocator<std::shared_ptr<Matrix>>>>(const T &,int,int)”的引用
          with
          [
              T=std::vector<std::shared_ptr<Matrix>,std::allocator<std::shared_ptr<Matrix>>>
          ]
          E:\2~~VS2022的文件\Linear Calculator\LinearAlgebraCalculator.cpp(2213,17):
          查看对正在编译的函数 模板 实例化“_InIt std::find_if<std::_Vector_const_iterator<std::_Vector_val<std::_Simple_types<_Ty>>>,rowColumnSearch::<lambda_1>>(_InIt,const _InIt,_Pr)”的引用
          with
          [
              _InIt=std::_Vector_const_iterator<std::_Vector_val<std::_Simple_types<std::shared_ptr<Matrix>>>>,
              _Ty=std::shared_ptr<Matrix>,
              _Pr=rowColumnSearch::<lambda_1>
          ]
          D:\Program Files (x86)\VS2022的IDE\VC\Tools\MSVC\14.41.34120\include\xutility(6472,13):
          查看对正在编译的函数 模板 实例化“auto rowColumnSearch::<lambda_1>::operator ()<const std::shared_ptr<Matrix>>(_T9 &) const”的引用
          with
          [
              _T9=const std::shared_ptr<Matrix>
          ]
  
  LinearSystem.cpp
  MAIN.cpp
  Matrix.cpp
E:\2~~VS2022的文件\Linear Calculator\Matrix.cpp(60,22): warning C4267: “=”: 从“size_t”转换到“int”，可能丢失数据
E:\2~~VS2022的文件\Linear Calculator\Matrix.cpp(61,31): warning C4267: “=”: 从“size_t”转换到“int”，可能丢失数据
E:\2~~VS2022的文件\Linear Calculator\Matrix.cpp(184,47): warning C4267: “参数”: 从“size_t”转换到“int”，可能丢失数据
E:\2~~VS2022的文件\Linear Calculator\Matrix.cpp(184,27): warning C4267: “参数”: 从“size_t”转换到“int”，可能丢失数据
E:\2~~VS2022的文件\Linear Calculator\Matrix.cpp(186,23): warning C4101: “err”: 未引用的局部变量
E:\2~~VS2022的文件\Linear Calculator\Matrix.cpp(298,40): warning C4554: “&”: 检查运算符优先级是否存在的可能的错误；使用括号阐明优先级
E:\2~~VS2022的文件\Linear Calculator\Matrix.cpp(298,79): warning C4554: “&”: 检查运算符优先级是否存在的可能的错误；使用括号阐明优先级
  正在生成代码...
  Linear Calculator.vcxproj -> E:\2~~VS2022的文件\Linear Calculator\x64\Debug\Linear Calculator.exe
